<?xml version='1.0' encoding='UTF-8'?>
<testsuite hostname="iMac-de-Master.home" name="FunctionalTest" tests="27" errors="0" failures="0" skipped="0" time="9.658">
                     <properties>
[...]
</properties>
                     <testcase classname="FunctionalTest" name="testTagPost" time="4.059">
                                                 
                                               </testcase><testcase classname="FunctionalTest" name="testTagsGet" time="0.369">
                                                 
                                               </testcase><testcase classname="FunctionalTest" name="testCocineroDelete" time="0.293">
                                                 
                                               </testcase><testcase classname="FunctionalTest" name="testCocineroGet" time="0.319">
                                                 
                                               </testcase><testcase classname="FunctionalTest" name="testCocineroPut" time="0.335">
                                                 
                                               </testcase><testcase classname="FunctionalTest" name="testPasoGet" time="0.222">
                                                 
                                               </testcase><testcase classname="FunctionalTest" name="testPasoPut" time="0.238">
                                                 
                                               </testcase><testcase classname="FunctionalTest" name="testIngredientePost" time="0.227">
                                                 
                                               </testcase><testcase classname="FunctionalTest" name="testIngredientesGet" time="0.214">
                                                 
                                               </testcase><testcase classname="FunctionalTest" name="testIngredientePut" time="0.235">
                                                 
                                               </testcase><testcase classname="FunctionalTest" name="testIngredienteDelete" time="0.235">
                                                 
                                               </testcase><testcase classname="FunctionalTest" name="testRecetaPost" time="0.226">
                                                 
                                               </testcase><testcase classname="FunctionalTest" name="testRecetasGet" time="0.189">
                                                 
                                               </testcase><testcase classname="FunctionalTest" name="testRecetaDelete" time="0.191">
                                                 
                                               </testcase><testcase classname="FunctionalTest" name="testPasoDelete" time="0.189">
                                                 
                                               </testcase><testcase classname="FunctionalTest" name="testQuitarIngrediente" time="0.23">
                                                 
                                               </testcase><testcase classname="FunctionalTest" name="renderTemplate" time="0.183">
                                                 
                                               </testcase><testcase classname="FunctionalTest" name="testRecetaGet" time="0.184">
                                                 
                                               </testcase><testcase classname="FunctionalTest" name="testRecetaPut" time="0.185">
                                                 
                                               </testcase><testcase classname="FunctionalTest" name="testCocineroPost" time="0.19">
                                                 
                                               </testcase><testcase classname="FunctionalTest" name="testCocinerosGet" time="0.165">
                                                 
                                               </testcase><testcase classname="FunctionalTest" name="testAnadirIngrediente" time="0.175">
                                                 
                                               </testcase><testcase classname="FunctionalTest" name="testTagGet" time="0.19">
                                                 
                                               </testcase><testcase classname="FunctionalTest" name="testTagPut" time="0.163">
                                                 
                                               </testcase><testcase classname="FunctionalTest" name="testPasoPost" time="0.161">
                                                 
                                               </testcase><testcase classname="FunctionalTest" name="testPasosGet" time="0.14">
                                                 
                                               </testcase><testcase classname="FunctionalTest" name="testTagDelete" time="0.151">
                                                 
                                               </testcase>
                     <system-out><![CDATA[]]></system-out>
                     <system-err><![CDATA[]]></system-err>
                   </testsuite>